<?xml version="1.0" encoding="UTF-8"?>
<!-- Generated by org.testng.reporters.JUnitReportReporter -->
<testsuite hostname="DESKTOP-C00EN1E" failures="0" tests="1" name="testCases.Test_User_Role" time="10.527" errors="0" timestamp="2021-06-27T06:38:47 PDT" skipped="0">
  <testcase classname="testCases.Test_User_Role" name="checkUserRole" time="10.527"/>
  <system-out/>
</testsuite> <!-- testCases.Test_User_Role -->
