<?xml version="1.0" encoding="UTF-8"?>
<!-- Generated by org.testng.reporters.JUnitReportReporter -->
<testsuite hostname="DESKTOP-C00EN1E" failures="0" tests="1" name="testCases.Test_Pending_Leave_Request" time="27.410" errors="0" timestamp="2021-06-27T06:38:47 PDT" skipped="0">
  <testcase classname="testCases.Test_Pending_Leave_Request" name="verify_Test_pending" time="27.410"/>
  <system-out/>
</testsuite> <!-- testCases.Test_Pending_Leave_Request -->
